<?xml version="1.0" encoding="UTF-8"?>
<!-- Generated by org.testng.reporters.JUnitReportReporter -->
<testsuite hostname="LAPTOP-0FD1O0AP" failures="0" tests="1" name="com.qa.Tests.InventoryPageTest" time="97.139" errors="0" timestamp="2023-01-12T13:12:05 IST" skipped="0">
  <testcase classname="com.qa.Tests.InventoryPageTest" name="verifyItemAddedToCartTest" time="97.139"/>
</testsuite> <!-- com.qa.Tests.InventoryPageTest -->
